<?xml version="1.0" encoding="UTF-8"?>
<testsuite name="com.example.sprint_1.controller.ContractController_updateContract" tests="20" skipped="0" failures="0" errors="0" timestamp="2022-03-21T11:24:57" hostname="HUYDONG" time="1.421">
  <properties/>
  <testcase name="edit_contract_endDate_19()" classname="com.example.sprint_1.controller.ContractController_updateContract" time="0.397"/>
  <testcase name="edit_contract_endDate_20()" classname="com.example.sprint_1.controller.ContractController_updateContract" time="0.059"/>
  <testcase name="edit_contract_endDate_21()" classname="com.example.sprint_1.controller.ContractController_updateContract" time="0.121"/>
  <testcase name="edit_contract_contractDate_19()" classname="com.example.sprint_1.controller.ContractController_updateContract" time="0.019"/>
  <testcase name="edit_contract_contractDate_20()" classname="com.example.sprint_1.controller.ContractController_updateContract" time="0.011"/>
  <testcase name="edit_contract_contractDate_21()" classname="com.example.sprint_1.controller.ContractController_updateContract" time="0.012"/>
  <testcase name="edit_contract_contractContent_19()" classname="com.example.sprint_1.controller.ContractController_updateContract" time="0.047"/>
  <testcase name="edit_contract_contractContent_20()" classname="com.example.sprint_1.controller.ContractController_updateContract" time="0.015"/>
  <testcase name="edit_contract_contractContent_22()" classname="com.example.sprint_1.controller.ContractController_updateContract" time="0.151"/>
  <testcase name="edit_contract_contractContent_23()" classname="com.example.sprint_1.controller.ContractController_updateContract" time="0.025"/>
  <testcase name="edit_contract_contractId_19()" classname="com.example.sprint_1.controller.ContractController_updateContract" time="0.023"/>
  <testcase name="edit_contract_contractId_20()" classname="com.example.sprint_1.controller.ContractController_updateContract" time="0.129"/>
  <testcase name="edit_contract_rentCost_19()" classname="com.example.sprint_1.controller.ContractController_updateContract" time="0.008"/>
  <testcase name="edit_contract_rentCost_21()" classname="com.example.sprint_1.controller.ContractController_updateContract" time="0.029"/>
  <testcase name="edit_contract_startDate_19()" classname="com.example.sprint_1.controller.ContractController_updateContract" time="0.024"/>
  <testcase name="edit_contract_startDate_20()" classname="com.example.sprint_1.controller.ContractController_updateContract" time="0.076"/>
  <testcase name="edit_contract_startDate_21()" classname="com.example.sprint_1.controller.ContractController_updateContract" time="0.014"/>
  <testcase name="edit_contract_totalCost_19()" classname="com.example.sprint_1.controller.ContractController_updateContract" time="0.064"/>
  <testcase name="edit_contract_totalCost_21()" classname="com.example.sprint_1.controller.ContractController_updateContract" time="0.009"/>
  <testcase name="edit_contract_available_24()" classname="com.example.sprint_1.controller.ContractController_updateContract" time="0.135"/>
  <system-out><![CDATA[18:24:49.858 [Test worker] DEBUG org.springframework.test.context.BootstrapUtils - Instantiating CacheAwareContextLoaderDelegate from class [org.springframework.test.context.cache.DefaultCacheAwareContextLoaderDelegate]
18:24:49.873 [Test worker] DEBUG org.springframework.test.context.BootstrapUtils - Instantiating BootstrapContext using constructor [public org.springframework.test.context.support.DefaultBootstrapContext(java.lang.Class,org.springframework.test.context.CacheAwareContextLoaderDelegate)]
18:24:49.916 [Test worker] DEBUG org.springframework.test.context.BootstrapUtils - Instantiating TestContextBootstrapper for test class [com.example.sprint_1.controller.ContractController_updateContract] from class [org.springframework.boot.test.context.SpringBootTestContextBootstrapper]
18:24:49.934 [Test worker] INFO org.springframework.boot.test.context.SpringBootTestContextBootstrapper - Neither @ContextConfiguration nor @ContextHierarchy found for test class [com.example.sprint_1.controller.ContractController_updateContract], using SpringBootContextLoader
18:24:49.937 [Test worker] DEBUG org.springframework.test.context.support.AbstractContextLoader - Did not detect default resource location for test class [com.example.sprint_1.controller.ContractController_updateContract]: class path resource [com/example/sprint_1/controller/ContractController_updateContract-context.xml] does not exist
18:24:49.940 [Test worker] DEBUG org.springframework.test.context.support.AbstractContextLoader - Did not detect default resource location for test class [com.example.sprint_1.controller.ContractController_updateContract]: class path resource [com/example/sprint_1/controller/ContractController_updateContractContext.groovy] does not exist
18:24:49.942 [Test worker] INFO org.springframework.test.context.support.AbstractContextLoader - Could not detect default resource locations for test class [com.example.sprint_1.controller.ContractController_updateContract]: no resource found for suffixes {-context.xml, Context.groovy}.
18:24:49.943 [Test worker] INFO org.springframework.test.context.support.AnnotationConfigContextLoaderUtils - Could not detect default configuration classes for test class [com.example.sprint_1.controller.ContractController_updateContract]: ContractController_updateContract does not declare any static, non-private, non-final, nested classes annotated with @Configuration.
18:24:50.021 [Test worker] DEBUG org.springframework.test.context.support.ActiveProfilesUtils - Could not find an 'annotation declaring class' for annotation type [org.springframework.test.context.ActiveProfiles] and class [com.example.sprint_1.controller.ContractController_updateContract]
18:24:50.101 [Test worker] DEBUG org.springframework.context.annotation.ClassPathScanningCandidateComponentProvider - Identified candidate component class: file [D:\Codegym\Module 6\Sprint_1_BE_Offical\sprint-1-repo-BE\BE\build\classes\java\main\com\example\sprint_1\Sprint1Application.class]
18:24:50.101 [Test worker] INFO org.springframework.boot.test.context.SpringBootTestContextBootstrapper - Found @SpringBootConfiguration com.example.sprint_1.Sprint1Application for test class com.example.sprint_1.controller.ContractController_updateContract
18:24:50.225 [Test worker] DEBUG org.springframework.boot.test.context.SpringBootTestContextBootstrapper - @TestExecutionListeners is not present for class [com.example.sprint_1.controller.ContractController_updateContract]: using defaults.
18:24:50.225 [Test worker] INFO org.springframework.boot.test.context.SpringBootTestContextBootstrapper - Loaded default TestExecutionListener class names from location [META-INF/spring.factories]: [org.springframework.boot.test.autoconfigure.restdocs.RestDocsTestExecutionListener, org.springframework.boot.test.autoconfigure.web.client.MockRestServiceServerResetTestExecutionListener, org.springframework.boot.test.autoconfigure.web.servlet.MockMvcPrintOnlyOnFailureTestExecutionListener, org.springframework.boot.test.autoconfigure.web.servlet.WebDriverTestExecutionListener, org.springframework.boot.test.autoconfigure.webservices.client.MockWebServiceServerTestExecutionListener, org.springframework.boot.test.mock.mockito.MockitoTestExecutionListener, org.springframework.boot.test.mock.mockito.ResetMocksTestExecutionListener, org.springframework.test.context.web.ServletTestExecutionListener, org.springframework.test.context.support.DirtiesContextBeforeModesTestExecutionListener, org.springframework.test.context.event.ApplicationEventsTestExecutionListener, org.springframework.test.context.support.DependencyInjectionTestExecutionListener, org.springframework.test.context.support.DirtiesContextTestExecutionListener, org.springframework.test.context.transaction.TransactionalTestExecutionListener, org.springframework.test.context.jdbc.SqlScriptsTestExecutionListener, org.springframework.test.context.event.EventPublishingTestExecutionListener]
18:24:50.253 [Test worker] INFO org.springframework.boot.test.context.SpringBootTestContextBootstrapper - Using TestExecutionListeners: [org.springframework.test.context.web.ServletTestExecutionListener@344f4dea, org.springframework.test.context.support.DirtiesContextBeforeModesTestExecutionListener@1b7c473a, org.springframework.test.context.event.ApplicationEventsTestExecutionListener@5e4bd84a, org.springframework.boot.test.mock.mockito.MockitoTestExecutionListener@648c94da, org.springframework.boot.test.autoconfigure.SpringBootDependencyInjectionTestExecutionListener@2a62b5bc, org.springframework.test.context.support.DirtiesContextTestExecutionListener@53de625d, org.springframework.test.context.transaction.TransactionalTestExecutionListener@535779e4, org.springframework.test.context.jdbc.SqlScriptsTestExecutionListener@53fd0d10, org.springframework.test.context.event.EventPublishingTestExecutionListener@6c0d9d86, org.springframework.boot.test.autoconfigure.restdocs.RestDocsTestExecutionListener@4ce1d6d0, org.springframework.boot.test.autoconfigure.web.client.MockRestServiceServerResetTestExecutionListener@24111ef1, org.springframework.boot.test.autoconfigure.web.servlet.MockMvcPrintOnlyOnFailureTestExecutionListener@1f3f02ee, org.springframework.boot.test.autoconfigure.web.servlet.WebDriverTestExecutionListener@1fde5d22, org.springframework.boot.test.autoconfigure.webservices.client.MockWebServiceServerTestExecutionListener@5dcb4f5f, org.springframework.boot.test.mock.mockito.ResetMocksTestExecutionListener@71812481]
18:24:50.258 [Test worker] DEBUG org.springframework.test.context.support.AbstractDirtiesContextTestExecutionListener - Before test class: context [DefaultTestContext@6f3c660a testClass = ContractController_updateContract, testInstance = [null], testMethod = [null], testException = [null], mergedContextConfiguration = [WebMergedContextConfiguration@74f5ce22 testClass = ContractController_updateContract, locations = '{}', classes = '{class com.example.sprint_1.Sprint1Application}', contextInitializerClasses = '[]', activeProfiles = '{}', propertySourceLocations = '{}', propertySourceProperties = '{org.springframework.boot.test.context.SpringBootTestContextBootstrapper=true}', contextCustomizers = set[org.springframework.boot.test.autoconfigure.actuate.metrics.MetricsExportContextCustomizerFactory$DisableMetricExportContextCustomizer@28dcca0c, org.springframework.boot.test.autoconfigure.properties.PropertyMappingContextCustomizer@4b3fa0b3, org.springframework.boot.test.autoconfigure.web.servlet.WebDriverContextCustomizerFactory$Customizer@5965d37, [ImportsContextCustomizer@25aca718 key = [org.springframework.boot.test.autoconfigure.web.servlet.MockMvcAutoConfiguration, org.springframework.boot.test.autoconfigure.web.servlet.MockMvcWebClientAutoConfiguration, org.springframework.boot.test.autoconfigure.web.servlet.MockMvcWebDriverAutoConfiguration, org.springframework.boot.autoconfigure.security.oauth2.client.servlet.OAuth2ClientAutoConfiguration, org.springframework.boot.autoconfigure.security.oauth2.resource.servlet.OAuth2ResourceServerAutoConfiguration, org.springframework.boot.autoconfigure.security.servlet.SecurityAutoConfiguration, org.springframework.boot.autoconfigure.security.servlet.SecurityFilterAutoConfiguration, org.springframework.boot.autoconfigure.security.servlet.UserDetailsServiceAutoConfiguration, org.springframework.boot.test.autoconfigure.web.servlet.MockMvcSecurityConfiguration, org.springframework.boot.test.autoconfigure.web.reactive.WebTestClientAutoConfiguration]], org.springframework.boot.test.context.filter.ExcludeFilterContextCustomizer@4d15107f, org.springframework.boot.test.json.DuplicateJsonObjectContextCustomizerFactory$DuplicateJsonObjectContextCustomizer@50378a4, org.springframework.boot.test.mock.mockito.MockitoContextCustomizer@0, org.springframework.boot.test.web.client.TestRestTemplateContextCustomizer@47caedad, org.springframework.test.context.web.socket.MockServerContainerContextCustomizer@387a8303, org.springframework.boot.test.context.SpringBootTestArgs@1, org.springframework.boot.test.context.SpringBootTestWebEnvironment@769e7ee8], resourceBasePath = 'src/main/webapp', contextLoader = 'org.springframework.boot.test.context.SpringBootContextLoader', parent = [null]], attributes = map['org.springframework.test.context.web.ServletTestExecutionListener.activateListener' -> true]], class annotated with @DirtiesContext [false] with mode [null].

  .   ____          _            __ _ _
 /\\ / ___'_ __ _ _(_)_ __  __ _ \ \ \ \
( ( )\___ | '_ | '_| | '_ \/ _` | \ \ \ \
 \\/  ___)| |_)| | | | | || (_| |  ) ) ) )
  '  |____| .__|_| |_|_| |_\__, | / / / /
 =========|_|==============|___/=/_/_/_/
 :: Spring Boot ::                (v2.6.4)

2022-03-21 18:24:50.676  INFO 4464 --- [    Test worker] .e.s.c.ContractController_updateContract : Starting ContractController_updateContract using Java 1.8.0_312 on HuyDong with PID 4464 (started by TechCare in D:\Codegym\Module 6\Sprint_1_BE_Offical\sprint-1-repo-BE\BE)
2022-03-21 18:24:50.676  INFO 4464 --- [    Test worker] .e.s.c.ContractController_updateContract : No active profile set, falling back to 1 default profile: "default"
2022-03-21 18:24:51.690  INFO 4464 --- [    Test worker] .s.d.r.c.RepositoryConfigurationDelegate : Bootstrapping Spring Data JPA repositories in DEFAULT mode.
2022-03-21 18:24:51.810  INFO 4464 --- [    Test worker] .s.d.r.c.RepositoryConfigurationDelegate : Finished Spring Data repository scanning in 108 ms. Found 10 JPA repository interfaces.
2022-03-21 18:24:52.641  INFO 4464 --- [    Test worker] o.hibernate.jpa.internal.util.LogHelper  : HHH000204: Processing PersistenceUnitInfo [name: default]
2022-03-21 18:24:52.726  INFO 4464 --- [    Test worker] org.hibernate.Version                    : HHH000412: Hibernate ORM core version 5.6.5.Final
2022-03-21 18:24:52.970  INFO 4464 --- [    Test worker] o.hibernate.annotations.common.Version   : HCANN000001: Hibernate Commons Annotations {5.1.2.Final}
2022-03-21 18:24:53.128  INFO 4464 --- [    Test worker] com.zaxxer.hikari.HikariDataSource       : HikariPool-1 - Starting...
2022-03-21 18:24:53.568  INFO 4464 --- [    Test worker] com.zaxxer.hikari.HikariDataSource       : HikariPool-1 - Start completed.
2022-03-21 18:24:53.595  INFO 4464 --- [    Test worker] org.hibernate.dialect.Dialect            : HHH000400: Using dialect: org.hibernate.dialect.MySQL8Dialect
2022-03-21 18:24:55.067  INFO 4464 --- [    Test worker] o.h.e.t.j.p.i.JtaPlatformInitiator       : HHH000490: Using JtaPlatform implementation: [org.hibernate.engine.transaction.jta.platform.internal.NoJtaPlatform]
2022-03-21 18:24:55.073  INFO 4464 --- [    Test worker] j.LocalContainerEntityManagerFactoryBean : Initialized JPA EntityManagerFactory for persistence unit 'default'
2022-03-21 18:24:56.075  WARN 4464 --- [    Test worker] JpaBaseConfiguration$JpaWebConfiguration : spring.jpa.open-in-view is enabled by default. Therefore, database queries may be performed during view rendering. Explicitly configure spring.jpa.open-in-view to disable this warning
2022-03-21 18:24:56.965  INFO 4464 --- [    Test worker] o.s.b.t.m.w.SpringBootMockServletContext : Initializing Spring TestDispatcherServlet ''
2022-03-21 18:24:56.966  INFO 4464 --- [    Test worker] o.s.t.web.servlet.TestDispatcherServlet  : Initializing Servlet ''
2022-03-21 18:24:56.967  INFO 4464 --- [    Test worker] o.s.t.web.servlet.TestDispatcherServlet  : Completed initialization in 1 ms
2022-03-21 18:24:56.988  INFO 4464 --- [    Test worker] .e.s.c.ContractController_updateContract : Started ContractController_updateContract in 6.687 seconds (JVM running for 8.334)

MockHttpServletRequest:
      HTTP Method = PATCH
      Request URI = /api/contract/edit
       Parameters = {}
          Headers = [Content-Type:"application/json;charset=UTF-8", Content-Length:"1208"]
             Body = {"contractId":"E001","startDate":"2022-03-30","endDate":null,"contractDate":"2022-03-30","rentCost":10000.0,"totalCost":10000.0,"contractContent":"gggg","deleteFlag":true,"customer":{"customerId":"C002","customerName":"Nguy?n Thái H?c","customerBirthday":"2000-05-06","customerIdCard":"236568986","customerEmail":"nthaihoc@gmail.com","customerAddress":"Qu?ng Nam","customerPhone":"0365635686","customerCompany":"Codegym","status":"?ang thuê","deleteFlag":true},"employee":{"employeeId":"E001","employeeName":"Nguy?n Thái H?c","employeeBirthday":"2000-05-06","employeeGender":true,"employeeIdCard":"236568986","employeeGmail":"nthaihoc@gmail.com","employeeAddress":"Qu?ng Nam","employeePhone":"0365635686","employeeSalary":1500.0,"deleteFlag":true,"position":null},"ground":{"groundId":"1","groundType":"Normal","area":100.0,"image":"https://www.google.com/url?sa=i&url=https%3A%2F%2Fwww.agiusa.com%2Fhow-to-test-for-land-subsidence-before-breaking-ground&psig=AOvVaw1Y54PIx8yoUsaxPjao-7IG&ust=1647396516755000&source=images&cd=vfe&ved=0CAsQjRxqFwoTCKCUqbqEx_YCFQAAAAAdAAAAABAU","status":"stutas","rentCost":1000.0,"manageCost":1000.0,"note":"note","version":1,"deleteFlag":true,"floor":null}}
    Session Attrs = {}

Handler:
             Type = com.example.sprint_1.controller.ContractController
           Method = com.example.sprint_1.controller.ContractController#updateContract(ContractDTO, BindingResult)

Async:
    Async started = false
     Async result = null

Resolved Exception:
             Type = null

ModelAndView:
        View name = null
             View = null
            Model = null

FlashMap:
       Attributes = null

MockHttpServletResponse:
           Status = 404
    Error message = null
          Headers = [Content-Type:"application/json", Content-Length:"20"]
     Content type = application/json
             Body = L?i ??nh d?ng
    Forwarded URL = null
   Redirected URL = null
          Cookies = []

MockHttpServletRequest:
      HTTP Method = PATCH
      Request URI = /api/contract/edit
       Parameters = {}
          Headers = [Content-Type:"application/json;charset=UTF-8", Content-Length:"1207"]
             Body = {"contractId":"CT001","startDate":"2022-03-30","endDate":"2022-03-30","contractDate":"","rentCost":10000.0,"totalCost":10000.0,"contractContent":"gggg","deleteFlag":true,"customer":{"customerId":"C002","customerName":"Nguy?n Thái H?c","customerBirthday":"2000-05-06","customerIdCard":"236568986","customerEmail":"nthaihoc@gmail.com","customerAddress":"Qu?ng Nam","customerPhone":"0365635686","customerCompany":"Codegym","status":"?ang thuê","deleteFlag":true},"employee":{"employeeId":"E001","employeeName":"Nguy?n Thái H?c","employeeBirthday":"2000-05-06","employeeGender":true,"employeeIdCard":"236568986","employeeGmail":"nthaihoc@gmail.com","employeeAddress":"Qu?ng Nam","employeePhone":"0365635686","employeeSalary":1500.0,"deleteFlag":true,"position":null},"ground":{"groundId":"1","groundType":"Normal","area":100.0,"image":"https://www.google.com/url?sa=i&url=https%3A%2F%2Fwww.agiusa.com%2Fhow-to-test-for-land-subsidence-before-breaking-ground&psig=AOvVaw1Y54PIx8yoUsaxPjao-7IG&ust=1647396516755000&source=images&cd=vfe&ved=0CAsQjRxqFwoTCKCUqbqEx_YCFQAAAAAdAAAAABAU","status":"stutas","rentCost":1000.0,"manageCost":1000.0,"note":"note","version":1,"deleteFlag":true,"floor":null}}
    Session Attrs = {}

Handler:
             Type = com.example.sprint_1.controller.ContractController
           Method = com.example.sprint_1.controller.ContractController#updateContract(ContractDTO, BindingResult)

Async:
    Async started = false
     Async result = null

Resolved Exception:
             Type = null

ModelAndView:
        View name = null
             View = null
            Model = null

FlashMap:
       Attributes = null

MockHttpServletResponse:
           Status = 404
    Error message = null
          Headers = [Content-Type:"application/json", Content-Length:"20"]
     Content type = application/json
             Body = L?i ??nh d?ng
    Forwarded URL = null
   Redirected URL = null
          Cookies = []

MockHttpServletRequest:
      HTTP Method = PATCH
      Request URI = /api/contract/edit
       Parameters = {}
          Headers = [Content-Type:"application/json;charset=UTF-8", Content-Length:"1213"]
             Body = {"contractId":"CT001","startDate":"2022-03-30","endDate":"2022-03","contractDate":"2022-03-30","rentCost":10000.0,"totalCost":10000.0,"contractContent":"gggg","deleteFlag":true,"customer":{"customerId":"C002","customerName":"Nguy?n Thái H?c","customerBirthday":"2000-05-06","customerIdCard":"236568986","customerEmail":"nthaihoc@gmail.com","customerAddress":"Qu?ng Nam","customerPhone":"0365635686","customerCompany":"Codegym","status":"?ang thuê","deleteFlag":true},"employee":{"employeeId":"E001","employeeName":"Nguy?n Thái H?c","employeeBirthday":"2000-05-06","employeeGender":true,"employeeIdCard":"236568986","employeeGmail":"nthaihoc@gmail.com","employeeAddress":"Qu?ng Nam","employeePhone":"0365635686","employeeSalary":-78.0,"deleteFlag":true,"position":null},"ground":{"groundId":"1","groundType":"Normal","area":100.0,"image":"https://www.google.com/url?sa=i&url=https%3A%2F%2Fwww.agiusa.com%2Fhow-to-test-for-land-subsidence-before-breaking-ground&psig=AOvVaw1Y54PIx8yoUsaxPjao-7IG&ust=1647396516755000&source=images&cd=vfe&ved=0CAsQjRxqFwoTCKCUqbqEx_YCFQAAAAAdAAAAABAU","status":"stutas","rentCost":1000.0,"manageCost":1000.0,"note":"note","version":1,"deleteFlag":true,"floor":null}}
    Session Attrs = {}

Handler:
             Type = com.example.sprint_1.controller.ContractController
           Method = com.example.sprint_1.controller.ContractController#updateContract(ContractDTO, BindingResult)

Async:
    Async started = false
     Async result = null

Resolved Exception:
             Type = null

ModelAndView:
        View name = null
             View = null
            Model = null

FlashMap:
       Attributes = null

MockHttpServletResponse:
           Status = 404
    Error message = null
          Headers = [Content-Type:"application/json", Content-Length:"20"]
     Content type = application/json
             Body = L?i ??nh d?ng
    Forwarded URL = null
   Redirected URL = null
          Cookies = []

MockHttpServletRequest:
      HTTP Method = PATCH
      Request URI = /api/contract/edit
       Parameters = {}
          Headers = [Content-Type:"application/json;charset=UTF-8", Content-Length:"1206"]
             Body = {"contractId":null,"startDate":"2022-03-30","endDate":"2022-03-30","contractDate":null,"rentCost":10000.0,"totalCost":10000.0,"contractContent":"gggg","deleteFlag":true,"customer":{"customerId":"C002","customerName":"Nguy?n Thái H?c","customerBirthday":"2000-05-06","customerIdCard":"236568986","customerEmail":"nthaihoc@gmail.com","customerAddress":"Qu?ng Nam","customerPhone":"0365635686","customerCompany":"Codegym","status":"?ang thuê","deleteFlag":true},"employee":{"employeeId":"E001","employeeName":"Nguy?n Thái H?c","employeeBirthday":"2000-05-06","employeeGender":true,"employeeIdCard":"236568986","employeeGmail":"nthaihoc@gmail.com","employeeAddress":"Qu?ng Nam","employeePhone":"0365635686","employeeSalary":1500.0,"deleteFlag":true,"position":null},"ground":{"groundId":"1","groundType":"Normal","area":100.0,"image":"https://www.google.com/url?sa=i&url=https%3A%2F%2Fwww.agiusa.com%2Fhow-to-test-for-land-subsidence-before-breaking-ground&psig=AOvVaw1Y54PIx8yoUsaxPjao-7IG&ust=1647396516755000&source=images&cd=vfe&ved=0CAsQjRxqFwoTCKCUqbqEx_YCFQAAAAAdAAAAABAU","status":"stutas","rentCost":1000.0,"manageCost":1000.0,"note":"note","version":1,"deleteFlag":true,"floor":null}}
    Session Attrs = {}

Handler:
             Type = com.example.sprint_1.controller.ContractController
           Method = com.example.sprint_1.controller.ContractController#updateContract(ContractDTO, BindingResult)

Async:
    Async started = false
     Async result = null

Resolved Exception:
             Type = null

ModelAndView:
        View name = null
             View = null
            Model = null

FlashMap:
       Attributes = null

MockHttpServletResponse:
           Status = 404
    Error message = null
          Headers = [Content-Type:"application/json", Content-Length:"20"]
     Content type = application/json
             Body = L?i ??nh d?ng
    Forwarded URL = null
   Redirected URL = null
          Cookies = []

MockHttpServletRequest:
      HTTP Method = PATCH
      Request URI = /api/contract/edit
       Parameters = {}
          Headers = [Content-Type:"application/json;charset=UTF-8", Content-Length:"1207"]
             Body = {"contractId":"CT001","startDate":"2022-03-30","endDate":"2022-03-30","contractDate":"","rentCost":10000.0,"totalCost":10000.0,"contractContent":"gggg","deleteFlag":true,"customer":{"customerId":"C002","customerName":"Nguy?n Thái H?c","customerBirthday":"2000-05-06","customerIdCard":"236568986","customerEmail":"nthaihoc@gmail.com","customerAddress":"Qu?ng Nam","customerPhone":"0365635686","customerCompany":"Codegym","status":"?ang thuê","deleteFlag":true},"employee":{"employeeId":"E001","employeeName":"Nguy?n Thái H?c","employeeBirthday":"2000-05-06","employeeGender":true,"employeeIdCard":"236568986","employeeGmail":"nthaihoc@gmail.com","employeeAddress":"Qu?ng Nam","employeePhone":"0365635686","employeeSalary":1500.0,"deleteFlag":true,"position":null},"ground":{"groundId":"1","groundType":"Normal","area":100.0,"image":"https://www.google.com/url?sa=i&url=https%3A%2F%2Fwww.agiusa.com%2Fhow-to-test-for-land-subsidence-before-breaking-ground&psig=AOvVaw1Y54PIx8yoUsaxPjao-7IG&ust=1647396516755000&source=images&cd=vfe&ved=0CAsQjRxqFwoTCKCUqbqEx_YCFQAAAAAdAAAAABAU","status":"stutas","rentCost":1000.0,"manageCost":1000.0,"note":"note","version":1,"deleteFlag":true,"floor":null}}
    Session Attrs = {}

Handler:
             Type = com.example.sprint_1.controller.ContractController
           Method = com.example.sprint_1.controller.ContractController#updateContract(ContractDTO, BindingResult)

Async:
    Async started = false
     Async result = null

Resolved Exception:
             Type = null

ModelAndView:
        View name = null
             View = null
            Model = null

FlashMap:
       Attributes = null

MockHttpServletResponse:
           Status = 404
    Error message = null
          Headers = [Content-Type:"application/json", Content-Length:"20"]
     Content type = application/json
             Body = L?i ??nh d?ng
    Forwarded URL = null
   Redirected URL = null
          Cookies = []

MockHttpServletRequest:
      HTTP Method = PATCH
      Request URI = /api/contract/edit
       Parameters = {}
          Headers = [Content-Type:"application/json;charset=UTF-8", Content-Length:"1214"]
             Body = {"contractId":"CT001","startDate":"2022-03-30","endDate":"2022-03-30","contractDate":"2022-03","rentCost":10000.0,"totalCost":10000.0,"contractContent":"gggg","deleteFlag":true,"customer":{"customerId":"C002","customerName":"Nguy?n Thái H?c","customerBirthday":"2000-05-06","customerIdCard":"236568986","customerEmail":"nthaihoc@gmail.com","customerAddress":"Qu?ng Nam","customerPhone":"0365635686","customerCompany":"Codegym","status":"?ang thuê","deleteFlag":true},"employee":{"employeeId":"E001","employeeName":"Nguy?n Thái H?c","employeeBirthday":"2000-05-06","employeeGender":true,"employeeIdCard":"236568986","employeeGmail":"nthaihoc@gmail.com","employeeAddress":"Qu?ng Nam","employeePhone":"0365635686","employeeSalary":1500.0,"deleteFlag":true,"position":null},"ground":{"groundId":"1","groundType":"Normal","area":100.0,"image":"https://www.google.com/url?sa=i&url=https%3A%2F%2Fwww.agiusa.com%2Fhow-to-test-for-land-subsidence-before-breaking-ground&psig=AOvVaw1Y54PIx8yoUsaxPjao-7IG&ust=1647396516755000&source=images&cd=vfe&ved=0CAsQjRxqFwoTCKCUqbqEx_YCFQAAAAAdAAAAABAU","status":"stutas","rentCost":1000.0,"manageCost":1000.0,"note":"note","version":1,"deleteFlag":true,"floor":null}}
    Session Attrs = {}

Handler:
             Type = com.example.sprint_1.controller.ContractController
           Method = com.example.sprint_1.controller.ContractController#updateContract(ContractDTO, BindingResult)

Async:
    Async started = false
     Async result = null

Resolved Exception:
             Type = null

ModelAndView:
        View name = null
             View = null
            Model = null

FlashMap:
       Attributes = null

MockHttpServletResponse:
           Status = 404
    Error message = null
          Headers = [Content-Type:"application/json", Content-Length:"20"]
     Content type = application/json
             Body = L?i ??nh d?ng
    Forwarded URL = null
   Redirected URL = null
          Cookies = []

MockHttpServletRequest:
      HTTP Method = PATCH
      Request URI = /api/contract/edit
       Parameters = {}
          Headers = [Content-Type:"application/json;charset=UTF-8", Content-Length:"1214"]
             Body = {"contractId":"E001","startDate":"2022-03-30","endDate":"2022-03-30","contractDate":"2022-03-30","rentCost":10000.0,"totalCost":10000.0,"contractContent":null,"deleteFlag":true,"customer":{"customerId":"C002","customerName":"Nguy?n Thái H?c","customerBirthday":"2000-05-06","customerIdCard":"236568986","customerEmail":"nthaihoc@gmail.com","customerAddress":"Qu?ng Nam","customerPhone":"0365635686","customerCompany":"Codegym","status":"?ang thuê","deleteFlag":true},"employee":{"employeeId":"E001","employeeName":"Nguy?n Thái H?c","employeeBirthday":"2000-05-06","employeeGender":true,"employeeIdCard":"236568986","employeeGmail":"nthaihoc@gmail.com","employeeAddress":"Qu?ng Nam","employeePhone":"0365635686","employeeSalary":1500.0,"deleteFlag":true,"position":null},"ground":{"groundId":"1","groundType":"Normal","area":100.0,"image":"https://www.google.com/url?sa=i&url=https%3A%2F%2Fwww.agiusa.com%2Fhow-to-test-for-land-subsidence-before-breaking-ground&psig=AOvVaw1Y54PIx8yoUsaxPjao-7IG&ust=1647396516755000&source=images&cd=vfe&ved=0CAsQjRxqFwoTCKCUqbqEx_YCFQAAAAAdAAAAABAU","status":"stutas","rentCost":1000.0,"manageCost":1000.0,"note":"note","version":1,"deleteFlag":true,"floor":null}}
    Session Attrs = {}

Handler:
             Type = com.example.sprint_1.controller.ContractController
           Method = com.example.sprint_1.controller.ContractController#updateContract(ContractDTO, BindingResult)

Async:
    Async started = false
     Async result = null

Resolved Exception:
             Type = null

ModelAndView:
        View name = null
             View = null
            Model = null

FlashMap:
       Attributes = null

MockHttpServletResponse:
           Status = 404
    Error message = null
          Headers = [Content-Type:"application/json", Content-Length:"20"]
     Content type = application/json
             Body = L?i ??nh d?ng
    Forwarded URL = null
   Redirected URL = null
          Cookies = []

MockHttpServletRequest:
      HTTP Method = PATCH
      Request URI = /api/contract/edit
       Parameters = {}
          Headers = [Content-Type:"application/json;charset=UTF-8", Content-Length:"1213"]
             Body = {"contractId":"CT001","startDate":"2022-03-30","endDate":"2022-03-30","contractDate":"2022-03-30","rentCost":10000.0,"totalCost":10000.0,"contractContent":"","deleteFlag":true,"customer":{"customerId":"C002","customerName":"Nguy?n Thái H?c","customerBirthday":"2000-05-06","customerIdCard":"236568986","customerEmail":"nthaihoc@gmail.com","customerAddress":"Qu?ng Nam","customerPhone":"0365635686","customerCompany":"Codegym","status":"?ang thuê","deleteFlag":true},"employee":{"employeeId":"E001","employeeName":"Nguy?n Thái H?c","employeeBirthday":"2000-05-06","employeeGender":true,"employeeIdCard":"236568986","employeeGmail":"nthaihoc@gmail.com","employeeAddress":"Qu?ng Nam","employeePhone":"0365635686","employeeSalary":1500.0,"deleteFlag":true,"position":null},"ground":{"groundId":"1","groundType":"Normal","area":100.0,"image":"https://www.google.com/url?sa=i&url=https%3A%2F%2Fwww.agiusa.com%2Fhow-to-test-for-land-subsidence-before-breaking-ground&psig=AOvVaw1Y54PIx8yoUsaxPjao-7IG&ust=1647396516755000&source=images&cd=vfe&ved=0CAsQjRxqFwoTCKCUqbqEx_YCFQAAAAAdAAAAABAU","status":"stutas","rentCost":1000.0,"manageCost":1000.0,"note":"note","version":1,"deleteFlag":true,"floor":null}}
    Session Attrs = {}

Handler:
             Type = com.example.sprint_1.controller.ContractController
           Method = com.example.sprint_1.controller.ContractController#updateContract(ContractDTO, BindingResult)

Async:
    Async started = false
     Async result = null

Resolved Exception:
             Type = null

ModelAndView:
        View name = null
             View = null
            Model = null

FlashMap:
       Attributes = null

MockHttpServletResponse:
           Status = 404
    Error message = null
          Headers = [Content-Type:"application/json", Content-Length:"20"]
     Content type = application/json
             Body = L?i ??nh d?ng
    Forwarded URL = null
   Redirected URL = null
          Cookies = []

MockHttpServletRequest:
      HTTP Method = PATCH
      Request URI = /api/contract/edit
       Parameters = {}
          Headers = [Content-Type:"application/json;charset=UTF-8", Content-Length:"1212"]
             Body = {"contractId":"CT001","startDate":"2022-04-08","endDate":"2022-03-30","contractDate":"2022-03-30","rentCost":100000.0,"totalCost":1.0,"contractContent":"cc","deleteFlag":true,"customer":{"customerId":"C002","customerName":"Nguy?n Thái H?c","customerBirthday":"2000-05-06","customerIdCard":"236568986","customerEmail":"nthaihoc@gmail.com","customerAddress":"Qu?ng Nam","customerPhone":"0365635686","customerCompany":"Codegym","status":"?ang thuê","deleteFlag":true},"employee":{"employeeId":"E001","employeeName":"Nguy?n Thái H?c","employeeBirthday":"2000-05-06","employeeGender":true,"employeeIdCard":"236568986","employeeGmail":"nthaihoc@gmail.com","employeeAddress":"Qu?ng Nam","employeePhone":"0365635686","employeeSalary":1500.0,"deleteFlag":true,"position":null},"ground":{"groundId":"1","groundType":"Normal","area":100.0,"image":"https://www.google.com/url?sa=i&url=https%3A%2F%2Fwww.agiusa.com%2Fhow-to-test-for-land-subsidence-before-breaking-ground&psig=AOvVaw1Y54PIx8yoUsaxPjao-7IG&ust=1647396516755000&source=images&cd=vfe&ved=0CAsQjRxqFwoTCKCUqbqEx_YCFQAAAAAdAAAAABAU","status":"stutas","rentCost":1000.0,"manageCost":1000.0,"note":"note","version":1,"deleteFlag":true,"floor":null}}
    Session Attrs = {}

Handler:
             Type = com.example.sprint_1.controller.ContractController
           Method = com.example.sprint_1.controller.ContractController#updateContract(ContractDTO, BindingResult)

Async:
    Async started = false
     Async result = null

Resolved Exception:
             Type = null

ModelAndView:
        View name = null
             View = null
            Model = null

FlashMap:
       Attributes = null

MockHttpServletResponse:
           Status = 404
    Error message = null
          Headers = [Content-Type:"application/json", Content-Length:"20"]
     Content type = application/json
             Body = L?i ??nh d?ng
    Forwarded URL = null
   Redirected URL = null
          Cookies = []

MockHttpServletRequest:
      HTTP Method = PATCH
      Request URI = /api/contract/edit
       Parameters = {}
          Headers = [Content-Type:"application/json;charset=UTF-8", Content-Length:"1253"]
             Body = {"contractId":"CT001","startDate":"2022-04-08","endDate":"2022-03-30","contractDate":"2022-03-30","rentCost":100000.0,"totalCost":1.0E7,"contractContent":"ccccccccccccccccccccccccccccccccccccccccc","deleteFlag":true,"customer":{"customerId":"C002","customerName":"Nguy?n Thái H?c","customerBirthday":"2000-05-06","customerIdCard":"236568986","customerEmail":"nthaihoc@gmail.com","customerAddress":"Qu?ng Nam","customerPhone":"0365635686","customerCompany":"Codegym","status":"?ang thuê","deleteFlag":true},"employee":{"employeeId":"E001","employeeName":"Nguy?n Thái H?c","employeeBirthday":"2000-05-06","employeeGender":true,"employeeIdCard":"236568986","employeeGmail":"nthaihoc@gmail.com","employeeAddress":"Qu?ng Nam","employeePhone":"0365635686","employeeSalary":1500.0,"deleteFlag":true,"position":null},"ground":{"groundId":"1","groundType":"Normal","area":100.0,"image":"https://www.google.com/url?sa=i&url=https%3A%2F%2Fwww.agiusa.com%2Fhow-to-test-for-land-subsidence-before-breaking-ground&psig=AOvVaw1Y54PIx8yoUsaxPjao-7IG&ust=1647396516755000&source=images&cd=vfe&ved=0CAsQjRxqFwoTCKCUqbqEx_YCFQAAAAAdAAAAABAU","status":"stutas","rentCost":1000.0,"manageCost":1000.0,"note":"note","version":1,"deleteFlag":true,"floor":null}}
    Session Attrs = {}

Handler:
             Type = com.example.sprint_1.controller.ContractController
           Method = com.example.sprint_1.controller.ContractController#updateContract(ContractDTO, BindingResult)

Async:
    Async started = false
     Async result = null

Resolved Exception:
             Type = null

ModelAndView:
        View name = null
             View = null
            Model = null

FlashMap:
       Attributes = null

MockHttpServletResponse:
           Status = 404
    Error message = null
          Headers = [Content-Type:"application/json", Content-Length:"20"]
     Content type = application/json
             Body = L?i ??nh d?ng
    Forwarded URL = null
   Redirected URL = null
          Cookies = []

MockHttpServletRequest:
      HTTP Method = PATCH
      Request URI = /api/contract/edit
       Parameters = {}
          Headers = [Content-Type:"application/json;charset=UTF-8", Content-Length:"1214"]
             Body = {"contractId":null,"startDate":"2022-03-30","endDate":"2022-03-30","contractDate":"2022-03-30","rentCost":10000.0,"totalCost":10000.0,"contractContent":"gggg","deleteFlag":true,"customer":{"customerId":"C002","customerName":"Nguy?n Thái H?c","customerBirthday":"2000-05-06","customerIdCard":"236568986","customerEmail":"nthaihoc@gmail.com","customerAddress":"Qu?ng Nam","customerPhone":"0365635686","customerCompany":"Codegym","status":"?ang thuê","deleteFlag":true},"employee":{"employeeId":"E001","employeeName":"Nguy?n Thái H?c","employeeBirthday":"2000-05-06","employeeGender":true,"employeeIdCard":"236568986","employeeGmail":"nthaihoc@gmail.com","employeeAddress":"Qu?ng Nam","employeePhone":"0365635686","employeeSalary":1500.0,"deleteFlag":true,"position":null},"ground":{"groundId":"1","groundType":"Normal","area":100.0,"image":"https://www.google.com/url?sa=i&url=https%3A%2F%2Fwww.agiusa.com%2Fhow-to-test-for-land-subsidence-before-breaking-ground&psig=AOvVaw1Y54PIx8yoUsaxPjao-7IG&ust=1647396516755000&source=images&cd=vfe&ved=0CAsQjRxqFwoTCKCUqbqEx_YCFQAAAAAdAAAAABAU","status":"stutas","rentCost":1000.0,"manageCost":1000.0,"note":"note","version":1,"deleteFlag":true,"floor":null}}
    Session Attrs = {}

Handler:
             Type = com.example.sprint_1.controller.ContractController
           Method = com.example.sprint_1.controller.ContractController#updateContract(ContractDTO, BindingResult)

Async:
    Async started = false
     Async result = null

Resolved Exception:
             Type = null

ModelAndView:
        View name = null
             View = null
            Model = null

FlashMap:
       Attributes = null

MockHttpServletResponse:
           Status = 404
    Error message = null
          Headers = [Content-Type:"application/json", Content-Length:"20"]
     Content type = application/json
             Body = L?i ??nh d?ng
    Forwarded URL = null
   Redirected URL = null
          Cookies = []

MockHttpServletRequest:
      HTTP Method = PATCH
      Request URI = /api/contract/edit
       Parameters = {}
          Headers = [Content-Type:"application/json;charset=UTF-8", Content-Length:"1212"]
             Body = {"contractId":"","startDate":"2022-03-30","endDate":"2022-03-30","contractDate":"2022-03-30","rentCost":10000.0,"totalCost":10000.0,"contractContent":"gggg","deleteFlag":true,"customer":{"customerId":"C002","customerName":"Nguy?n Thái H?c","customerBirthday":"2000-05-06","customerIdCard":"236568986","customerEmail":"nthaihoc@gmail.com","customerAddress":"Qu?ng Nam","customerPhone":"0365635686","customerCompany":"Codegym","status":"?ang thuê","deleteFlag":true},"employee":{"employeeId":"E001","employeeName":"Nguy?n Thái H?c","employeeBirthday":"2000-05-06","employeeGender":true,"employeeIdCard":"236568986","employeeGmail":"nthaihoc@gmail.com","employeeAddress":"Qu?ng Nam","employeePhone":"0365635686","employeeSalary":1500.0,"deleteFlag":true,"position":null},"ground":{"groundId":"1","groundType":"Normal","area":100.0,"image":"https://www.google.com/url?sa=i&url=https%3A%2F%2Fwww.agiusa.com%2Fhow-to-test-for-land-subsidence-before-breaking-ground&psig=AOvVaw1Y54PIx8yoUsaxPjao-7IG&ust=1647396516755000&source=images&cd=vfe&ved=0CAsQjRxqFwoTCKCUqbqEx_YCFQAAAAAdAAAAABAU","status":"stutas","rentCost":1000.0,"manageCost":1000.0,"note":"note","version":1,"deleteFlag":true,"floor":null}}
    Session Attrs = {}

Handler:
             Type = com.example.sprint_1.controller.ContractController
           Method = com.example.sprint_1.controller.ContractController#updateContract(ContractDTO, BindingResult)

Async:
    Async started = false
     Async result = null

Resolved Exception:
             Type = null

ModelAndView:
        View name = null
             View = null
            Model = null

FlashMap:
       Attributes = null

MockHttpServletResponse:
           Status = 404
    Error message = null
          Headers = [Content-Type:"application/json", Content-Length:"20"]
     Content type = application/json
             Body = L?i ??nh d?ng
    Forwarded URL = null
   Redirected URL = null
          Cookies = []

MockHttpServletRequest:
      HTTP Method = PATCH
      Request URI = /api/contract/edit
       Parameters = {}
          Headers = [Content-Type:"application/json;charset=UTF-8", Content-Length:"1214"]
             Body = {"contractId":"CT001","startDate":"2022-03-30","endDate":"2022-03-30","contractDate":"2022-03-30","rentCost":null,"totalCost":10000.0,"contractContent":"gggg","deleteFlag":true,"customer":{"customerId":"C002","customerName":"Nguy?n Thái H?c","customerBirthday":"2000-05-06","customerIdCard":"236568986","customerEmail":"nthaihoc@gmail.com","customerAddress":"Qu?ng Nam","customerPhone":"0365635686","customerCompany":"Codegym","status":"?ang thuê","deleteFlag":true},"employee":{"employeeId":"E001","employeeName":"Nguy?n Thái H?c","employeeBirthday":"2000-05-06","employeeGender":true,"employeeIdCard":"236568986","employeeGmail":"nthaihoc@gmail.com","employeeAddress":"Qu?ng Nam","employeePhone":"0365635686","employeeSalary":1500.0,"deleteFlag":true,"position":null},"ground":{"groundId":"1","groundType":"Normal","area":100.0,"image":"https://www.google.com/url?sa=i&url=https%3A%2F%2Fwww.agiusa.com%2Fhow-to-test-for-land-subsidence-before-breaking-ground&psig=AOvVaw1Y54PIx8yoUsaxPjao-7IG&ust=1647396516755000&source=images&cd=vfe&ved=0CAsQjRxqFwoTCKCUqbqEx_YCFQAAAAAdAAAAABAU","status":"stutas","rentCost":1000.0,"manageCost":1000.0,"note":"note","version":1,"deleteFlag":true,"floor":null}}
    Session Attrs = {}

Handler:
             Type = com.example.sprint_1.controller.ContractController
           Method = com.example.sprint_1.controller.ContractController#updateContract(ContractDTO, BindingResult)

Async:
    Async started = false
     Async result = null

Resolved Exception:
             Type = null

ModelAndView:
        View name = null
             View = null
            Model = null

FlashMap:
       Attributes = null

MockHttpServletResponse:
           Status = 404
    Error message = null
          Headers = [Content-Type:"application/json", Content-Length:"20"]
     Content type = application/json
             Body = L?i ??nh d?ng
    Forwarded URL = null
   Redirected URL = null
          Cookies = []

MockHttpServletRequest:
      HTTP Method = PATCH
      Request URI = /api/contract/edit
       Parameters = {}
          Headers = [Content-Type:"application/json;charset=UTF-8", Content-Length:"1217"]
             Body = {"contractId":"CT001","startDate":"2022-04-08","endDate":"2022-03-30","contractDate":"2022-03-30","rentCost":1.0,"totalCost":100000.0,"contractContent":"ccccccc","deleteFlag":true,"customer":{"customerId":"C002","customerName":"Nguy?n Thái H?c","customerBirthday":"2000-05-06","customerIdCard":"236568986","customerEmail":"nthaihoc@gmail.com","customerAddress":"Qu?ng Nam","customerPhone":"0365635686","customerCompany":"Codegym","status":"?ang thuê","deleteFlag":true},"employee":{"employeeId":"E001","employeeName":"Nguy?n Thái H?c","employeeBirthday":"2000-05-06","employeeGender":true,"employeeIdCard":"236568986","employeeGmail":"nthaihoc@gmail.com","employeeAddress":"Qu?ng Nam","employeePhone":"0365635686","employeeSalary":1500.0,"deleteFlag":true,"position":null},"ground":{"groundId":"1","groundType":"Normal","area":100.0,"image":"https://www.google.com/url?sa=i&url=https%3A%2F%2Fwww.agiusa.com%2Fhow-to-test-for-land-subsidence-before-breaking-ground&psig=AOvVaw1Y54PIx8yoUsaxPjao-7IG&ust=1647396516755000&source=images&cd=vfe&ved=0CAsQjRxqFwoTCKCUqbqEx_YCFQAAAAAdAAAAABAU","status":"stutas","rentCost":1000.0,"manageCost":1000.0,"note":"note","version":1,"deleteFlag":true,"floor":null}}
    Session Attrs = {}

Handler:
             Type = com.example.sprint_1.controller.ContractController
           Method = com.example.sprint_1.controller.ContractController#updateContract(ContractDTO, BindingResult)

Async:
    Async started = false
     Async result = null

Resolved Exception:
             Type = null

ModelAndView:
        View name = null
             View = null
            Model = null

FlashMap:
       Attributes = null

MockHttpServletResponse:
           Status = 404
    Error message = null
          Headers = [Content-Type:"application/json", Content-Length:"20"]
     Content type = application/json
             Body = L?i ??nh d?ng
    Forwarded URL = null
   Redirected URL = null
          Cookies = []

MockHttpServletRequest:
      HTTP Method = PATCH
      Request URI = /api/contract/edit
       Parameters = {}
          Headers = [Content-Type:"application/json;charset=UTF-8", Content-Length:"1208"]
             Body = {"contractId":"E001","startDate":null,"endDate":"2022-03-30","contractDate":"2022-03-30","rentCost":10000.0,"totalCost":10000.0,"contractContent":"gggg","deleteFlag":true,"customer":{"customerId":"C002","customerName":"Nguy?n Thái H?c","customerBirthday":"2000-05-06","customerIdCard":"236568986","customerEmail":"nthaihoc@gmail.com","customerAddress":"Qu?ng Nam","customerPhone":"0365635686","customerCompany":"Codegym","status":"?ang thuê","deleteFlag":true},"employee":{"employeeId":"E001","employeeName":"Nguy?n Thái H?c","employeeBirthday":"2000-05-06","employeeGender":true,"employeeIdCard":"236568986","employeeGmail":"nthaihoc@gmail.com","employeeAddress":"Qu?ng Nam","employeePhone":"0365635686","employeeSalary":1500.0,"deleteFlag":true,"position":null},"ground":{"groundId":"1","groundType":"Normal","area":100.0,"image":"https://www.google.com/url?sa=i&url=https%3A%2F%2Fwww.agiusa.com%2Fhow-to-test-for-land-subsidence-before-breaking-ground&psig=AOvVaw1Y54PIx8yoUsaxPjao-7IG&ust=1647396516755000&source=images&cd=vfe&ved=0CAsQjRxqFwoTCKCUqbqEx_YCFQAAAAAdAAAAABAU","status":"stutas","rentCost":1000.0,"manageCost":1000.0,"note":"note","version":1,"deleteFlag":true,"floor":null}}
    Session Attrs = {}

Handler:
             Type = com.example.sprint_1.controller.ContractController
           Method = com.example.sprint_1.controller.ContractController#updateContract(ContractDTO, BindingResult)

Async:
    Async started = false
     Async result = null

Resolved Exception:
             Type = null

ModelAndView:
        View name = null
             View = null
            Model = null

FlashMap:
       Attributes = null

MockHttpServletResponse:
           Status = 404
    Error message = null
          Headers = [Content-Type:"application/json", Content-Length:"20"]
     Content type = application/json
             Body = L?i ??nh d?ng
    Forwarded URL = null
   Redirected URL = null
          Cookies = []

MockHttpServletRequest:
      HTTP Method = PATCH
      Request URI = /api/contract/edit
       Parameters = {}
          Headers = [Content-Type:"application/json;charset=UTF-8", Content-Length:"1207"]
             Body = {"contractId":"CT001","startDate":"","endDate":"2022-03-30","contractDate":"2022-03-30","rentCost":10000.0,"totalCost":10000.0,"contractContent":"gggg","deleteFlag":true,"customer":{"customerId":"C002","customerName":"Nguy?n Thái H?c","customerBirthday":"2000-05-06","customerIdCard":"236568986","customerEmail":"nthaihoc@gmail.com","customerAddress":"Qu?ng Nam","customerPhone":"0365635686","customerCompany":"Codegym","status":"?ang thuê","deleteFlag":true},"employee":{"employeeId":"E001","employeeName":"Nguy?n Thái H?c","employeeBirthday":"2000-05-06","employeeGender":true,"employeeIdCard":"236568986","employeeGmail":"nthaihoc@gmail.com","employeeAddress":"Qu?ng Nam","employeePhone":"0365635686","employeeSalary":1500.0,"deleteFlag":true,"position":null},"ground":{"groundId":"1","groundType":"Normal","area":100.0,"image":"https://www.google.com/url?sa=i&url=https%3A%2F%2Fwww.agiusa.com%2Fhow-to-test-for-land-subsidence-before-breaking-ground&psig=AOvVaw1Y54PIx8yoUsaxPjao-7IG&ust=1647396516755000&source=images&cd=vfe&ved=0CAsQjRxqFwoTCKCUqbqEx_YCFQAAAAAdAAAAABAU","status":"stutas","rentCost":1000.0,"manageCost":1000.0,"note":"note","version":1,"deleteFlag":true,"floor":null}}
    Session Attrs = {}

Handler:
             Type = com.example.sprint_1.controller.ContractController
           Method = com.example.sprint_1.controller.ContractController#updateContract(ContractDTO, BindingResult)

Async:
    Async started = false
     Async result = null

Resolved Exception:
             Type = null

ModelAndView:
        View name = null
             View = null
            Model = null

FlashMap:
       Attributes = null

MockHttpServletResponse:
           Status = 404
    Error message = null
          Headers = [Content-Type:"application/json", Content-Length:"20"]
     Content type = application/json
             Body = L?i ??nh d?ng
    Forwarded URL = null
   Redirected URL = null
          Cookies = []

MockHttpServletRequest:
      HTTP Method = PATCH
      Request URI = /api/contract/edit
       Parameters = {}
          Headers = [Content-Type:"application/json;charset=UTF-8", Content-Length:"1214"]
             Body = {"contractId":"CT001","startDate":"2022-03","endDate":"2022-03-30","contractDate":"2022-03-30","rentCost":10000.0,"totalCost":10000.0,"contractContent":"gggg","deleteFlag":true,"customer":{"customerId":"C002","customerName":"Nguy?n Thái H?c","customerBirthday":"2000-05-06","customerIdCard":"236568986","customerEmail":"nthaihoc@gmail.com","customerAddress":"Qu?ng Nam","customerPhone":"0365635686","customerCompany":"Codegym","status":"?ang thuê","deleteFlag":true},"employee":{"employeeId":"E001","employeeName":"Nguy?n Thái H?c","employeeBirthday":"2000-05-06","employeeGender":true,"employeeIdCard":"236568986","employeeGmail":"nthaihoc@gmail.com","employeeAddress":"Qu?ng Nam","employeePhone":"0365635686","employeeSalary":1500.0,"deleteFlag":true,"position":null},"ground":{"groundId":"1","groundType":"Normal","area":100.0,"image":"https://www.google.com/url?sa=i&url=https%3A%2F%2Fwww.agiusa.com%2Fhow-to-test-for-land-subsidence-before-breaking-ground&psig=AOvVaw1Y54PIx8yoUsaxPjao-7IG&ust=1647396516755000&source=images&cd=vfe&ved=0CAsQjRxqFwoTCKCUqbqEx_YCFQAAAAAdAAAAABAU","status":"stutas","rentCost":1000.0,"manageCost":1000.0,"note":"note","version":1,"deleteFlag":true,"floor":null}}
    Session Attrs = {}

Handler:
             Type = com.example.sprint_1.controller.ContractController
           Method = com.example.sprint_1.controller.ContractController#updateContract(ContractDTO, BindingResult)

Async:
    Async started = false
     Async result = null

Resolved Exception:
             Type = null

ModelAndView:
        View name = null
             View = null
            Model = null

FlashMap:
       Attributes = null

MockHttpServletResponse:
           Status = 404
    Error message = null
          Headers = [Content-Type:"application/json", Content-Length:"20"]
     Content type = application/json
             Body = L?i ??nh d?ng
    Forwarded URL = null
   Redirected URL = null
          Cookies = []

MockHttpServletRequest:
      HTTP Method = PATCH
      Request URI = /api/contract/edit
       Parameters = {}
          Headers = [Content-Type:"application/json;charset=UTF-8", Content-Length:"1206"]
             Body = {"contractId":"CT001","startDate":null,"endDate":"2022-03-30","contractDate":"2022-03-30","rentCost":10000.0,"totalCost":null,"contractContent":"gggg","deleteFlag":true,"customer":{"customerId":"C002","customerName":"Nguy?n Thái H?c","customerBirthday":"2000-05-06","customerIdCard":"236568986","customerEmail":"nthaihoc@gmail.com","customerAddress":"Qu?ng Nam","customerPhone":"0365635686","customerCompany":"Codegym","status":"?ang thuê","deleteFlag":true},"employee":{"employeeId":"E001","employeeName":"Nguy?n Thái H?c","employeeBirthday":"2000-05-06","employeeGender":true,"employeeIdCard":"236568986","employeeGmail":"nthaihoc@gmail.com","employeeAddress":"Qu?ng Nam","employeePhone":"0365635686","employeeSalary":1500.0,"deleteFlag":true,"position":null},"ground":{"groundId":"1","groundType":"Normal","area":100.0,"image":"https://www.google.com/url?sa=i&url=https%3A%2F%2Fwww.agiusa.com%2Fhow-to-test-for-land-subsidence-before-breaking-ground&psig=AOvVaw1Y54PIx8yoUsaxPjao-7IG&ust=1647396516755000&source=images&cd=vfe&ved=0CAsQjRxqFwoTCKCUqbqEx_YCFQAAAAAdAAAAABAU","status":"stutas","rentCost":1000.0,"manageCost":1000.0,"note":"note","version":1,"deleteFlag":true,"floor":null}}
    Session Attrs = {}

Handler:
             Type = com.example.sprint_1.controller.ContractController
           Method = com.example.sprint_1.controller.ContractController#updateContract(ContractDTO, BindingResult)

Async:
    Async started = false
     Async result = null

Resolved Exception:
             Type = null

ModelAndView:
        View name = null
             View = null
            Model = null

FlashMap:
       Attributes = null

MockHttpServletResponse:
           Status = 404
    Error message = null
          Headers = [Content-Type:"application/json", Content-Length:"20"]
     Content type = application/json
             Body = L?i ??nh d?ng
    Forwarded URL = null
   Redirected URL = null
          Cookies = []

MockHttpServletRequest:
      HTTP Method = PATCH
      Request URI = /api/contract/edit
       Parameters = {}
          Headers = [Content-Type:"application/json;charset=UTF-8", Content-Length:"1217"]
             Body = {"contractId":"CT001","startDate":"2022-04-08","endDate":"2022-03-30","contractDate":"2022-03-30","rentCost":100000.0,"totalCost":1.0,"contractContent":"ccccccc","deleteFlag":true,"customer":{"customerId":"C002","customerName":"Nguy?n Thái H?c","customerBirthday":"2000-05-06","customerIdCard":"236568986","customerEmail":"nthaihoc@gmail.com","customerAddress":"Qu?ng Nam","customerPhone":"0365635686","customerCompany":"Codegym","status":"?ang thuê","deleteFlag":true},"employee":{"employeeId":"E001","employeeName":"Nguy?n Thái H?c","employeeBirthday":"2000-05-06","employeeGender":true,"employeeIdCard":"236568986","employeeGmail":"nthaihoc@gmail.com","employeeAddress":"Qu?ng Nam","employeePhone":"0365635686","employeeSalary":1500.0,"deleteFlag":true,"position":null},"ground":{"groundId":"1","groundType":"Normal","area":100.0,"image":"https://www.google.com/url?sa=i&url=https%3A%2F%2Fwww.agiusa.com%2Fhow-to-test-for-land-subsidence-before-breaking-ground&psig=AOvVaw1Y54PIx8yoUsaxPjao-7IG&ust=1647396516755000&source=images&cd=vfe&ved=0CAsQjRxqFwoTCKCUqbqEx_YCFQAAAAAdAAAAABAU","status":"stutas","rentCost":1000.0,"manageCost":1000.0,"note":"note","version":1,"deleteFlag":true,"floor":null}}
    Session Attrs = {}

Handler:
             Type = com.example.sprint_1.controller.ContractController
           Method = com.example.sprint_1.controller.ContractController#updateContract(ContractDTO, BindingResult)

Async:
    Async started = false
     Async result = null

Resolved Exception:
             Type = null

ModelAndView:
        View name = null
             View = null
            Model = null

FlashMap:
       Attributes = null

MockHttpServletResponse:
           Status = 404
    Error message = null
          Headers = [Content-Type:"application/json", Content-Length:"20"]
     Content type = application/json
             Body = L?i ??nh d?ng
    Forwarded URL = null
   Redirected URL = null
          Cookies = []
Hibernate: update `contract` as c set c.contract_content = ?, c.contract_date = ?,c.delete_flag = ?, c.end_date = ?, c.rent_cost =?, c.start_date =?, c.total_cost = ?, c.customer_id = ?, c.employee_id = ?, c.ground_id =? where c.contract_id = ?

MockHttpServletRequest:
      HTTP Method = PATCH
      Request URI = /api/contract/edit
       Parameters = {}
          Headers = [Content-Type:"application/json;charset=UTF-8", Content-Length:"1225"]
             Body = {"contractId":"CT001","startDate":"2022-04-08","endDate":"2022-04-30","contractDate":"2022-03-30","rentCost":100000.0,"totalCost":10000.0,"contractContent":"ccccccccccc","deleteFlag":true,"customer":{"customerId":"C002","customerName":"Nguy?n Thái H?c","customerBirthday":"2000-05-06","customerIdCard":"236568986","customerEmail":"nthaihoc@gmail.com","customerAddress":"Qu?ng Nam","customerPhone":"0365635686","customerCompany":"Codegym","status":"?ang thuê","deleteFlag":true},"employee":{"employeeId":"E001","employeeName":"Nguy?n Thái H?c","employeeBirthday":"2000-05-06","employeeGender":true,"employeeIdCard":"236568986","employeeGmail":"nthaihoc@gmail.com","employeeAddress":"Qu?ng Nam","employeePhone":"0365635686","employeeSalary":1500.0,"deleteFlag":true,"position":null},"ground":{"groundId":"1","groundType":"Normal","area":100.0,"image":"https://www.google.com/url?sa=i&url=https%3A%2F%2Fwww.agiusa.com%2Fhow-to-test-for-land-subsidence-before-breaking-ground&psig=AOvVaw1Y54PIx8yoUsaxPjao-7IG&ust=1647396516755000&source=images&cd=vfe&ved=0CAsQjRxqFwoTCKCUqbqEx_YCFQAAAAAdAAAAABAU","status":"stutas","rentCost":1000.0,"manageCost":1000.0,"note":"note","version":1,"deleteFlag":true,"floor":null}}
    Session Attrs = {}

Handler:
             Type = com.example.sprint_1.controller.ContractController
           Method = com.example.sprint_1.controller.ContractController#updateContract(ContractDTO, BindingResult)

Async:
    Async started = false
     Async result = null

Resolved Exception:
             Type = null

ModelAndView:
        View name = null
             View = null
            Model = null

FlashMap:
       Attributes = null

MockHttpServletResponse:
           Status = 200
    Error message = null
          Headers = [Content-Type:"application/json"]
     Content type = application/json
             Body = {"contractId":"CT001","startDate":"2022-04-08","endDate":"2022-04-30","contractDate":"2022-03-30","rentCost":100000.0,"totalCost":10000.0,"contractContent":"ccccccccccc","deleteFlag":true,"customer":{"customerId":"C002","customerName":"Nguy?n Thái H?c","customerBirthday":"2000-05-06","customerIdCard":"236568986","customerEmail":"nthaihoc@gmail.com","customerAddress":"Qu?ng Nam","customerPhone":"0365635686","customerCompany":"Codegym","status":"?ang thuê","deleteFlag":true},"employee":{"employeeId":"E001","employeeName":"Nguy?n Thái H?c","employeeBirthday":"2000-05-06","employeeGender":true,"employeeIdCard":"236568986","employeeGmail":"nthaihoc@gmail.com","employeeAddress":"Qu?ng Nam","employeePhone":"0365635686","employeeSalary":1500.0,"deleteFlag":true,"position":null},"ground":{"groundId":"1","groundType":"Normal","area":100.0,"image":"https://www.google.com/url?sa=i&url=https%3A%2F%2Fwww.agiusa.com%2Fhow-to-test-for-land-subsidence-before-breaking-ground&psig=AOvVaw1Y54PIx8yoUsaxPjao-7IG&ust=1647396516755000&source=images&cd=vfe&ved=0CAsQjRxqFwoTCKCUqbqEx_YCFQAAAAAdAAAAABAU","status":"stutas","rentCost":1000.0,"manageCost":1000.0,"note":"note","version":1,"deleteFlag":true,"floor":null}}
    Forwarded URL = null
   Redirected URL = null
          Cookies = []
]]></system-out>
  <system-err><![CDATA[]]></system-err>
</testsuite>
